[2019-08-25 09:25:07] laravel.EMERGENCY: Unable to create configured logger. Using emergency logger. {"exception":"[object] (InvalidArgumentException(code: 0): Log [] is not defined. at /Users/kellymears/code/sites/tinypixel.dev/site/web/app/themes/sage/vendor/illuminate/log/LogManager.php:168)
[stacktrace]
#0 /Users/kellymears/code/sites/tinypixel.dev/site/web/app/themes/sage/vendor/illuminate/log/LogManager.php(102): Illuminate\\Log\\LogManager->resolve(NULL)
#1 /Users/kellymears/code/sites/tinypixel.dev/site/web/app/themes/sage/vendor/illuminate/log/LogManager.php(90): Illuminate\\Log\\LogManager->get(NULL)
#2 /Users/kellymears/code/sites/tinypixel.dev/site/web/app/themes/sage/vendor/illuminate/log/LogManager.php(500): Illuminate\\Log\\LogManager->driver()
#3 /Users/kellymears/code/sites/tinypixel.dev/site/web/app/themes/sage/vendor/roots/acorn/src/Acorn/Exceptions/Handler.php(38): Illuminate\\Log\\LogManager->error(Object(Symfony\\Component\\Console\\Exception\\RuntimeException), Array)
#4 /Users/kellymears/code/sites/tinypixel.dev/site/web/app/themes/sage/vendor/roots/acorn/src/Acorn/Console/Kernel.php(257): Roots\\Acorn\\Exceptions\\Handler->report(Object(Symfony\\Component\\Console\\Exception\\RuntimeException))
#5 /Users/kellymears/code/sites/tinypixel.dev/site/web/app/themes/sage/vendor/roots/acorn/src/Acorn/Console/Kernel.php(105): Roots\\Acorn\\Console\\Kernel->reportException(Object(Symfony\\Component\\Console\\Exception\\RuntimeException))
#6 /Users/kellymears/code/sites/tinypixel.dev/site/web/app/themes/sage/vendor/roots/acorn/src/Acorn/Bootstrap/Console.php(36): Roots\\Acorn\\Console\\Kernel->handle(Object(Symfony\\Component\\Console\\Input\\ArgvInput), Object(Symfony\\Component\\Console\\Output\\ConsoleOutput))
#7 [internal function]: Roots\\Acorn\\Bootstrap\\Console->Roots\\Acorn\\Bootstrap\\{closure}(Array, Array)
#8 phar:///usr/local/bin/wp/vendor/wp-cli/wp-cli/php/WP_CLI/Dispatcher/CommandFactory.php(100): call_user_func(Object(Closure), Array, Array)
#9 [internal function]: WP_CLI\\Dispatcher\\CommandFactory::WP_CLI\\Dispatcher\\{closure}(Array, Array)
#10 phar:///usr/local/bin/wp/vendor/wp-cli/wp-cli/php/WP_CLI/Dispatcher/Subcommand.php(451): call_user_func(Object(Closure), Array, Array)
#11 phar:///usr/local/bin/wp/vendor/wp-cli/wp-cli/php/WP_CLI/Runner.php(371): WP_CLI\\Dispatcher\\Subcommand->invoke(Array, Array, Array)
#12 phar:///usr/local/bin/wp/vendor/wp-cli/wp-cli/php/WP_CLI/Runner.php(394): WP_CLI\\Runner->run_command(Array, Array)
#13 phar:///usr/local/bin/wp/vendor/wp-cli/wp-cli/php/WP_CLI/Runner.php(1132): WP_CLI\\Runner->run_command_and_exit()
#14 phar:///usr/local/bin/wp/vendor/wp-cli/wp-cli/php/WP_CLI/Bootstrap/LaunchRunner.php(23): WP_CLI\\Runner->start()
#15 phar:///usr/local/bin/wp/vendor/wp-cli/wp-cli/php/bootstrap.php(74): WP_CLI\\Bootstrap\\LaunchRunner->process(Object(WP_CLI\\Bootstrap\\BootstrapState))
#16 phar:///usr/local/bin/wp/vendor/wp-cli/wp-cli/php/wp-cli.php(27): WP_CLI\\bootstrap()
#17 phar:///usr/local/bin/wp/php/boot-phar.php(11): include('phar:///usr/loc...')
#18 /usr/local/bin/wp(4): include('phar:///usr/loc...')
#19 {main}
"} 
[2019-08-25 09:25:07] laravel.ERROR: Symfony\Component\Console\Exception\RuntimeException: Not enough arguments (missing: "name, table"). in /Users/kellymears/code/sites/tinypixel.dev/site/web/app/themes/sage/vendor/symfony/console/Input/Input.php:76
Stack trace:
#0 /Users/kellymears/code/sites/tinypixel.dev/site/web/app/themes/sage/vendor/symfony/console/Command/Command.php(250): Symfony\Component\Console\Input\Input->validate()
#1 /Users/kellymears/code/sites/tinypixel.dev/site/web/app/themes/sage/vendor/illuminate/console/Command.php(170): Symfony\Component\Console\Command\Command->run(Object(Symfony\Component\Console\Input\ArgvInput), Object(Illuminate\Console\OutputStyle))
#2 /Users/kellymears/code/sites/tinypixel.dev/site/web/app/themes/sage/vendor/symfony/console/Application.php(921): Illuminate\Console\Command->run(Object(Symfony\Component\Console\Input\ArgvInput), Object(Symfony\Component\Console\Output\ConsoleOutput))
#3 /Users/kellymears/code/sites/tinypixel.dev/site/web/app/themes/sage/vendor/symfony/console/Application.php(273): Symfony\Component\Console\Application->doRunCommand(Object(TinyPixel\AcornDB\Console\Commands\Migrate\MakeCommand), Object(Symfony\Component\Console\Input\ArgvInput), Object(Symfony\Component\Console\Output\ConsoleOutput))
#4 /Users/kellymears/code/sites/tinypixel.dev/site/web/app/themes/sage/vendor/symfony/console/Application.php(149): Symfony\Component\Console\Application->doRun(Object(Symfony\Component\Console\Input\ArgvInput), Object(Symfony\Component\Console\Output\ConsoleOutput))
#5 /Users/kellymears/code/sites/tinypixel.dev/site/web/app/themes/sage/vendor/illuminate/console/Application.php(90): Symfony\Component\Console\Application->run(Object(Symfony\Component\Console\Input\ArgvInput), Object(Symfony\Component\Console\Output\ConsoleOutput))
#6 /Users/kellymears/code/sites/tinypixel.dev/site/web/app/themes/sage/vendor/roots/acorn/src/Acorn/Console/Kernel.php(103): Illuminate\Console\Application->run(Object(Symfony\Component\Console\Input\ArgvInput), Object(Symfony\Component\Console\Output\ConsoleOutput))
#7 /Users/kellymears/code/sites/tinypixel.dev/site/web/app/themes/sage/vendor/roots/acorn/src/Acorn/Bootstrap/Console.php(36): Roots\Acorn\Console\Kernel->handle(Object(Symfony\Component\Console\Input\ArgvInput), Object(Symfony\Component\Console\Output\ConsoleOutput))
#8 [internal function]: Roots\Acorn\Bootstrap\Console->Roots\Acorn\Bootstrap\{closure}(Array, Array)
#9 phar:///usr/local/bin/wp/vendor/wp-cli/wp-cli/php/WP_CLI/Dispatcher/CommandFactory.php(100): call_user_func(Object(Closure), Array, Array)
#10 [internal function]: WP_CLI\Dispatcher\CommandFactory::WP_CLI\Dispatcher\{closure}(Array, Array)
#11 phar:///usr/local/bin/wp/vendor/wp-cli/wp-cli/php/WP_CLI/Dispatcher/Subcommand.php(451): call_user_func(Object(Closure), Array, Array)
#12 phar:///usr/local/bin/wp/vendor/wp-cli/wp-cli/php/WP_CLI/Runner.php(371): WP_CLI\Dispatcher\Subcommand->invoke(Array, Array, Array)
#13 phar:///usr/local/bin/wp/vendor/wp-cli/wp-cli/php/WP_CLI/Runner.php(394): WP_CLI\Runner->run_command(Array, Array)
#14 phar:///usr/local/bin/wp/vendor/wp-cli/wp-cli/php/WP_CLI/Runner.php(1132): WP_CLI\Runner->run_command_and_exit()
#15 phar:///usr/local/bin/wp/vendor/wp-cli/wp-cli/php/WP_CLI/Bootstrap/LaunchRunner.php(23): WP_CLI\Runner->start()
#16 phar:///usr/local/bin/wp/vendor/wp-cli/wp-cli/php/bootstrap.php(74): WP_CLI\Bootstrap\LaunchRunner->process(Object(WP_CLI\Bootstrap\BootstrapState))
#17 phar:///usr/local/bin/wp/vendor/wp-cli/wp-cli/php/wp-cli.php(27): WP_CLI\bootstrap()
#18 phar:///usr/local/bin/wp/php/boot-phar.php(11): include('phar:///usr/loc...')
#19 /usr/local/bin/wp(4): include('phar:///usr/loc...')
#20 {main} {"exception":"[object] (Symfony\\Component\\Console\\Exception\\RuntimeException(code: 0): Not enough arguments (missing: \"name, table\"). at /Users/kellymears/code/sites/tinypixel.dev/site/web/app/themes/sage/vendor/symfony/console/Input/Input.php:76)
[stacktrace]
#0 /Users/kellymears/code/sites/tinypixel.dev/site/web/app/themes/sage/vendor/symfony/console/Command/Command.php(250): Symfony\\Component\\Console\\Input\\Input->validate()
#1 /Users/kellymears/code/sites/tinypixel.dev/site/web/app/themes/sage/vendor/illuminate/console/Command.php(170): Symfony\\Component\\Console\\Command\\Command->run(Object(Symfony\\Component\\Console\\Input\\ArgvInput), Object(Illuminate\\Console\\OutputStyle))
#2 /Users/kellymears/code/sites/tinypixel.dev/site/web/app/themes/sage/vendor/symfony/console/Application.php(921): Illuminate\\Console\\Command->run(Object(Symfony\\Component\\Console\\Input\\ArgvInput), Object(Symfony\\Component\\Console\\Output\\ConsoleOutput))
#3 /Users/kellymears/code/sites/tinypixel.dev/site/web/app/themes/sage/vendor/symfony/console/Application.php(273): Symfony\\Component\\Console\\Application->doRunCommand(Object(TinyPixel\\AcornDB\\Console\\Commands\\Migrate\\MakeCommand), Object(Symfony\\Component\\Console\\Input\\ArgvInput), Object(Symfony\\Component\\Console\\Output\\ConsoleOutput))
#4 /Users/kellymears/code/sites/tinypixel.dev/site/web/app/themes/sage/vendor/symfony/console/Application.php(149): Symfony\\Component\\Console\\Application->doRun(Object(Symfony\\Component\\Console\\Input\\ArgvInput), Object(Symfony\\Component\\Console\\Output\\ConsoleOutput))
#5 /Users/kellymears/code/sites/tinypixel.dev/site/web/app/themes/sage/vendor/illuminate/console/Application.php(90): Symfony\\Component\\Console\\Application->run(Object(Symfony\\Component\\Console\\Input\\ArgvInput), Object(Symfony\\Component\\Console\\Output\\ConsoleOutput))
#6 /Users/kellymears/code/sites/tinypixel.dev/site/web/app/themes/sage/vendor/roots/acorn/src/Acorn/Console/Kernel.php(103): Illuminate\\Console\\Application->run(Object(Symfony\\Component\\Console\\Input\\ArgvInput), Object(Symfony\\Component\\Console\\Output\\ConsoleOutput))
#7 /Users/kellymears/code/sites/tinypixel.dev/site/web/app/themes/sage/vendor/roots/acorn/src/Acorn/Bootstrap/Console.php(36): Roots\\Acorn\\Console\\Kernel->handle(Object(Symfony\\Component\\Console\\Input\\ArgvInput), Object(Symfony\\Component\\Console\\Output\\ConsoleOutput))
#8 [internal function]: Roots\\Acorn\\Bootstrap\\Console->Roots\\Acorn\\Bootstrap\\{closure}(Array, Array)
#9 phar:///usr/local/bin/wp/vendor/wp-cli/wp-cli/php/WP_CLI/Dispatcher/CommandFactory.php(100): call_user_func(Object(Closure), Array, Array)
#10 [internal function]: WP_CLI\\Dispatcher\\CommandFactory::WP_CLI\\Dispatcher\\{closure}(Array, Array)
#11 phar:///usr/local/bin/wp/vendor/wp-cli/wp-cli/php/WP_CLI/Dispatcher/Subcommand.php(451): call_user_func(Object(Closure), Array, Array)
#12 phar:///usr/local/bin/wp/vendor/wp-cli/wp-cli/php/WP_CLI/Runner.php(371): WP_CLI\\Dispatcher\\Subcommand->invoke(Array, Array, Array)
#13 phar:///usr/local/bin/wp/vendor/wp-cli/wp-cli/php/WP_CLI/Runner.php(394): WP_CLI\\Runner->run_command(Array, Array)
#14 phar:///usr/local/bin/wp/vendor/wp-cli/wp-cli/php/WP_CLI/Runner.php(1132): WP_CLI\\Runner->run_command_and_exit()
#15 phar:///usr/local/bin/wp/vendor/wp-cli/wp-cli/php/WP_CLI/Bootstrap/LaunchRunner.php(23): WP_CLI\\Runner->start()
#16 phar:///usr/local/bin/wp/vendor/wp-cli/wp-cli/php/bootstrap.php(74): WP_CLI\\Bootstrap\\LaunchRunner->process(Object(WP_CLI\\Bootstrap\\BootstrapState))
#17 phar:///usr/local/bin/wp/vendor/wp-cli/wp-cli/php/wp-cli.php(27): WP_CLI\\bootstrap()
#18 phar:///usr/local/bin/wp/php/boot-phar.php(11): include('phar:///usr/loc...')
#19 /usr/local/bin/wp(4): include('phar:///usr/loc...')
#20 {main}
"} 
[2019-08-25 09:30:04] laravel.EMERGENCY: Unable to create configured logger. Using emergency logger. {"exception":"[object] (InvalidArgumentException(code: 0): Log [] is not defined. at /Users/kellymears/code/sites/tinypixel.dev/site/web/app/themes/sage/vendor/illuminate/log/LogManager.php:168)
[stacktrace]
#0 /Users/kellymears/code/sites/tinypixel.dev/site/web/app/themes/sage/vendor/illuminate/log/LogManager.php(102): Illuminate\\Log\\LogManager->resolve(NULL)
#1 /Users/kellymears/code/sites/tinypixel.dev/site/web/app/themes/sage/vendor/illuminate/log/LogManager.php(90): Illuminate\\Log\\LogManager->get(NULL)
#2 /Users/kellymears/code/sites/tinypixel.dev/site/web/app/themes/sage/vendor/illuminate/log/LogManager.php(500): Illuminate\\Log\\LogManager->driver()
#3 /Users/kellymears/code/sites/tinypixel.dev/site/web/app/themes/sage/vendor/roots/acorn/src/Acorn/Exceptions/Handler.php(38): Illuminate\\Log\\LogManager->error(Object(Illuminate\\Database\\QueryException), Array)
#4 /Users/kellymears/code/sites/tinypixel.dev/site/web/app/themes/sage/vendor/roots/acorn/src/Acorn/Console/Kernel.php(257): Roots\\Acorn\\Exceptions\\Handler->report(Object(Illuminate\\Database\\QueryException))
#5 /Users/kellymears/code/sites/tinypixel.dev/site/web/app/themes/sage/vendor/roots/acorn/src/Acorn/Console/Kernel.php(105): Roots\\Acorn\\Console\\Kernel->reportException(Object(Illuminate\\Database\\QueryException))
#6 /Users/kellymears/code/sites/tinypixel.dev/site/web/app/themes/sage/vendor/roots/acorn/src/Acorn/Bootstrap/Console.php(36): Roots\\Acorn\\Console\\Kernel->handle(Object(Symfony\\Component\\Console\\Input\\ArgvInput), Object(Symfony\\Component\\Console\\Output\\ConsoleOutput))
#7 [internal function]: Roots\\Acorn\\Bootstrap\\Console->Roots\\Acorn\\Bootstrap\\{closure}(Array, Array)
#8 phar:///usr/local/bin/wp/vendor/wp-cli/wp-cli/php/WP_CLI/Dispatcher/CommandFactory.php(100): call_user_func(Object(Closure), Array, Array)
#9 [internal function]: WP_CLI\\Dispatcher\\CommandFactory::WP_CLI\\Dispatcher\\{closure}(Array, Array)
#10 phar:///usr/local/bin/wp/vendor/wp-cli/wp-cli/php/WP_CLI/Dispatcher/Subcommand.php(451): call_user_func(Object(Closure), Array, Array)
#11 phar:///usr/local/bin/wp/vendor/wp-cli/wp-cli/php/WP_CLI/Runner.php(371): WP_CLI\\Dispatcher\\Subcommand->invoke(Array, Array, Array)
#12 phar:///usr/local/bin/wp/vendor/wp-cli/wp-cli/php/WP_CLI/Runner.php(394): WP_CLI\\Runner->run_command(Array, Array)
#13 phar:///usr/local/bin/wp/vendor/wp-cli/wp-cli/php/WP_CLI/Runner.php(1132): WP_CLI\\Runner->run_command_and_exit()
#14 phar:///usr/local/bin/wp/vendor/wp-cli/wp-cli/php/WP_CLI/Bootstrap/LaunchRunner.php(23): WP_CLI\\Runner->start()
#15 phar:///usr/local/bin/wp/vendor/wp-cli/wp-cli/php/bootstrap.php(74): WP_CLI\\Bootstrap\\LaunchRunner->process(Object(WP_CLI\\Bootstrap\\BootstrapState))
#16 phar:///usr/local/bin/wp/vendor/wp-cli/wp-cli/php/wp-cli.php(27): WP_CLI\\bootstrap()
#17 phar:///usr/local/bin/wp/php/boot-phar.php(11): include('phar:///usr/loc...')
#18 /usr/local/bin/wp(4): include('phar:///usr/loc...')
#19 {main}
"} 
[2019-08-25 09:30:04] laravel.ERROR: PDOException: SQLSTATE[42S02]: Base table or view not found: 1146 Table 'tinypixel_dev.wp_site-status' doesn't exist in /Users/kellymears/code/sites/tinypixel.dev/site/web/app/themes/sage/vendor/illuminate/database/Connection.php:458
Stack trace:
#0 /Users/kellymears/code/sites/tinypixel.dev/site/web/app/themes/sage/vendor/illuminate/database/Connection.php(458): PDOStatement->execute()
#1 /Users/kellymears/code/sites/tinypixel.dev/site/web/app/themes/sage/vendor/illuminate/database/Connection.php(657): Illuminate\Database\Connection->Illuminate\Database\{closure}('alter table `wp...', Array)
#2 /Users/kellymears/code/sites/tinypixel.dev/site/web/app/themes/sage/vendor/illuminate/database/Connection.php(624): Illuminate\Database\Connection->runQueryCallback('alter table `wp...', Array, Object(Closure))
#3 /Users/kellymears/code/sites/tinypixel.dev/site/web/app/themes/sage/vendor/illuminate/database/Connection.php(459): Illuminate\Database\Connection->run('alter table `wp...', Array, Object(Closure))
#4 /Users/kellymears/code/sites/tinypixel.dev/site/web/app/themes/sage/vendor/illuminate/database/Schema/Blueprint.php(97): Illuminate\Database\Connection->statement('alter table `wp...')
#5 /Users/kellymears/code/sites/tinypixel.dev/site/web/app/themes/sage/vendor/illuminate/database/Schema/Builder.php(278): Illuminate\Database\Schema\Blueprint->build(Object(Illuminate\Database\MySqlConnection), Object(Illuminate\Database\Schema\Grammars\MySqlGrammar))
#6 /Users/kellymears/code/sites/tinypixel.dev/site/web/app/themes/sage/vendor/illuminate/database/Schema/Builder.php(151): Illuminate\Database\Schema\Builder->build(Object(Illuminate\Database\Schema\Blueprint))
#7 /Users/kellymears/code/sites/tinypixel.dev/site/web/app/themes/sage/vendor/illuminate/support/Facades/Facade.php(237): Illuminate\Database\Schema\Builder->table('site-status', Object(Closure))
#8 /Users/kellymears/code/sites/tinypixel.dev/site/web/app/themes/sage/database/migrations/2019_08_25_092532_site-status.php(21): Illuminate\Support\Facades\Facade::__callStatic('table', Array)
#9 /Users/kellymears/code/sites/tinypixel.dev/site/web/app/themes/sage/vendor/illuminate/database/Migrations/Migrator.php(387): SiteStatus->up()
#10 /Users/kellymears/code/sites/tinypixel.dev/site/web/app/themes/sage/vendor/illuminate/database/Migrations/Migrator.php(396): Illuminate\Database\Migrations\Migrator->Illuminate\Database\Migrations\{closure}()
#11 /Users/kellymears/code/sites/tinypixel.dev/site/web/app/themes/sage/vendor/illuminate/database/Migrations/Migrator.php(197): Illuminate\Database\Migrations\Migrator->runMigration(Object(SiteStatus), 'up')
#12 /Users/kellymears/code/sites/tinypixel.dev/site/web/app/themes/sage/vendor/illuminate/database/Migrations/Migrator.php(162): Illuminate\Database\Migrations\Migrator->runUp('/Users/kellymea...', 1, false)
#13 /Users/kellymears/code/sites/tinypixel.dev/site/web/app/themes/sage/vendor/illuminate/database/Migrations/Migrator.php(109): Illuminate\Database\Migrations\Migrator->runPending(Array, Array)
#14 /Users/kellymears/code/sites/tinypixel.dev/site/web/app/themes/sage/vendor/tiny-pixel/acorn-db/src/Console/Commands/Migrate/MigrateCommand.php(86): Illuminate\Database\Migrations\Migrator->run(Array, Array)
#15 [internal function]: TinyPixel\AcornDB\Console\Commands\Migrate\MigrateCommand->handle()
#16 /Users/kellymears/code/sites/tinypixel.dev/site/web/app/themes/sage/vendor/illuminate/container/BoundMethod.php(32): call_user_func_array(Array, Array)
#17 /Users/kellymears/code/sites/tinypixel.dev/site/web/app/themes/sage/vendor/illuminate/container/BoundMethod.php(90): Illuminate\Container\BoundMethod::Illuminate\Container\{closure}()
#18 /Users/kellymears/code/sites/tinypixel.dev/site/web/app/themes/sage/vendor/illuminate/container/BoundMethod.php(34): Illuminate\Container\BoundMethod::callBoundMethod(Object(Roots\Acorn\Application), Array, Object(Closure))
#19 /Users/kellymears/code/sites/tinypixel.dev/site/web/app/themes/sage/vendor/illuminate/container/Container.php(576): Illuminate\Container\BoundMethod::call(Object(Roots\Acorn\Application), Array, Array, NULL)
#20 /Users/kellymears/code/sites/tinypixel.dev/site/web/app/themes/sage/vendor/illuminate/console/Command.php(183): Illuminate\Container\Container->call(Array)
#21 /Users/kellymears/code/sites/tinypixel.dev/site/web/app/themes/sage/vendor/symfony/console/Command/Command.php(255): Illuminate\Console\Command->execute(Object(Symfony\Component\Console\Input\ArgvInput), Object(Illuminate\Console\OutputStyle))
#22 /Users/kellymears/code/sites/tinypixel.dev/site/web/app/themes/sage/vendor/illuminate/console/Command.php(170): Symfony\Component\Console\Command\Command->run(Object(Symfony\Component\Console\Input\ArgvInput), Object(Illuminate\Console\OutputStyle))
#23 /Users/kellymears/code/sites/tinypixel.dev/site/web/app/themes/sage/vendor/symfony/console/Application.php(921): Illuminate\Console\Command->run(Object(Symfony\Component\Console\Input\ArgvInput), Object(Symfony\Component\Console\Output\ConsoleOutput))
#24 /Users/kellymears/code/sites/tinypixel.dev/site/web/app/themes/sage/vendor/symfony/console/Application.php(273): Symfony\Component\Console\Application->doRunCommand(Object(TinyPixel\AcornDB\Console\Commands\Migrate\MigrateCommand), Object(Symfony\Component\Console\Input\ArgvInput), Object(Symfony\Component\Console\Output\ConsoleOutput))
#25 /Users/kellymears/code/sites/tinypixel.dev/site/web/app/themes/sage/vendor/symfony/console/Application.php(149): Symfony\Component\Console\Application->doRun(Object(Symfony\Component\Console\Input\ArgvInput), Object(Symfony\Component\Console\Output\ConsoleOutput))
#26 /Users/kellymears/code/sites/tinypixel.dev/site/web/app/themes/sage/vendor/illuminate/console/Application.php(90): Symfony\Component\Console\Application->run(Object(Symfony\Component\Console\Input\ArgvInput), Object(Symfony\Component\Console\Output\ConsoleOutput))
#27 /Users/kellymears/code/sites/tinypixel.dev/site/web/app/themes/sage/vendor/roots/acorn/src/Acorn/Console/Kernel.php(103): Illuminate\Console\Application->run(Object(Symfony\Component\Console\Input\ArgvInput), Object(Symfony\Component\Console\Output\ConsoleOutput))
#28 /Users/kellymears/code/sites/tinypixel.dev/site/web/app/themes/sage/vendor/roots/acorn/src/Acorn/Bootstrap/Console.php(36): Roots\Acorn\Console\Kernel->handle(Object(Symfony\Component\Console\Input\ArgvInput), Object(Symfony\Component\Console\Output\ConsoleOutput))
#29 [internal function]: Roots\Acorn\Bootstrap\Console->Roots\Acorn\Bootstrap\{closure}(Array, Array)
#30 phar:///usr/local/bin/wp/vendor/wp-cli/wp-cli/php/WP_CLI/Dispatcher/CommandFactory.php(100): call_user_func(Object(Closure), Array, Array)
#31 [internal function]: WP_CLI\Dispatcher\CommandFactory::WP_CLI\Dispatcher\{closure}(Array, Array)
#32 phar:///usr/local/bin/wp/vendor/wp-cli/wp-cli/php/WP_CLI/Dispatcher/Subcommand.php(451): call_user_func(Object(Closure), Array, Array)
#33 phar:///usr/local/bin/wp/vendor/wp-cli/wp-cli/php/WP_CLI/Runner.php(371): WP_CLI\Dispatcher\Subcommand->invoke(Array, Array, Array)
#34 phar:///usr/local/bin/wp/vendor/wp-cli/wp-cli/php/WP_CLI/Runner.php(394): WP_CLI\Runner->run_command(Array, Array)
#35 phar:///usr/local/bin/wp/vendor/wp-cli/wp-cli/php/WP_CLI/Runner.php(1132): WP_CLI\Runner->run_command_and_exit()
#36 phar:///usr/local/bin/wp/vendor/wp-cli/wp-cli/php/WP_CLI/Bootstrap/LaunchRunner.php(23): WP_CLI\Runner->start()
#37 phar:///usr/local/bin/wp/vendor/wp-cli/wp-cli/php/bootstrap.php(74): WP_CLI\Bootstrap\LaunchRunner->process(Object(WP_CLI\Bootstrap\BootstrapState))
#38 phar:///usr/local/bin/wp/vendor/wp-cli/wp-cli/php/wp-cli.php(27): WP_CLI\bootstrap()
#39 phar:///usr/local/bin/wp/php/boot-phar.php(11): include('phar:///usr/loc...')
#40 /usr/local/bin/wp(4): include('phar:///usr/loc...')
#41 {main}

Next Illuminate\Database\QueryException: SQLSTATE[42S02]: Base table or view not found: 1146 Table 'tinypixel_dev.wp_site-status' doesn't exist (SQL: alter table `wp_site-status` add `ID` bigint not null, add `domain` varchar(255) not null, add `expiration` datetime not null, add `tag` varchar(255) not null) in /Users/kellymears/code/sites/tinypixel.dev/site/web/app/themes/sage/vendor/illuminate/database/Connection.php:664
Stack trace:
#0 /Users/kellymears/code/sites/tinypixel.dev/site/web/app/themes/sage/vendor/illuminate/database/Connection.php(624): Illuminate\Database\Connection->runQueryCallback('alter table `wp...', Array, Object(Closure))
#1 /Users/kellymears/code/sites/tinypixel.dev/site/web/app/themes/sage/vendor/illuminate/database/Connection.php(459): Illuminate\Database\Connection->run('alter table `wp...', Array, Object(Closure))
#2 /Users/kellymears/code/sites/tinypixel.dev/site/web/app/themes/sage/vendor/illuminate/database/Schema/Blueprint.php(97): Illuminate\Database\Connection->statement('alter table `wp...')
#3 /Users/kellymears/code/sites/tinypixel.dev/site/web/app/themes/sage/vendor/illuminate/database/Schema/Builder.php(278): Illuminate\Database\Schema\Blueprint->build(Object(Illuminate\Database\MySqlConnection), Object(Illuminate\Database\Schema\Grammars\MySqlGrammar))
#4 /Users/kellymears/code/sites/tinypixel.dev/site/web/app/themes/sage/vendor/illuminate/database/Schema/Builder.php(151): Illuminate\Database\Schema\Builder->build(Object(Illuminate\Database\Schema\Blueprint))
#5 /Users/kellymears/code/sites/tinypixel.dev/site/web/app/themes/sage/vendor/illuminate/support/Facades/Facade.php(237): Illuminate\Database\Schema\Builder->table('site-status', Object(Closure))
#6 /Users/kellymears/code/sites/tinypixel.dev/site/web/app/themes/sage/database/migrations/2019_08_25_092532_site-status.php(21): Illuminate\Support\Facades\Facade::__callStatic('table', Array)
#7 /Users/kellymears/code/sites/tinypixel.dev/site/web/app/themes/sage/vendor/illuminate/database/Migrations/Migrator.php(387): SiteStatus->up()
#8 /Users/kellymears/code/sites/tinypixel.dev/site/web/app/themes/sage/vendor/illuminate/database/Migrations/Migrator.php(396): Illuminate\Database\Migrations\Migrator->Illuminate\Database\Migrations\{closure}()
#9 /Users/kellymears/code/sites/tinypixel.dev/site/web/app/themes/sage/vendor/illuminate/database/Migrations/Migrator.php(197): Illuminate\Database\Migrations\Migrator->runMigration(Object(SiteStatus), 'up')
#10 /Users/kellymears/code/sites/tinypixel.dev/site/web/app/themes/sage/vendor/illuminate/database/Migrations/Migrator.php(162): Illuminate\Database\Migrations\Migrator->runUp('/Users/kellymea...', 1, false)
#11 /Users/kellymears/code/sites/tinypixel.dev/site/web/app/themes/sage/vendor/illuminate/database/Migrations/Migrator.php(109): Illuminate\Database\Migrations\Migrator->runPending(Array, Array)
#12 /Users/kellymears/code/sites/tinypixel.dev/site/web/app/themes/sage/vendor/tiny-pixel/acorn-db/src/Console/Commands/Migrate/MigrateCommand.php(86): Illuminate\Database\Migrations\Migrator->run(Array, Array)
#13 [internal function]: TinyPixel\AcornDB\Console\Commands\Migrate\MigrateCommand->handle()
#14 /Users/kellymears/code/sites/tinypixel.dev/site/web/app/themes/sage/vendor/illuminate/container/BoundMethod.php(32): call_user_func_array(Array, Array)
#15 /Users/kellymears/code/sites/tinypixel.dev/site/web/app/themes/sage/vendor/illuminate/container/BoundMethod.php(90): Illuminate\Container\BoundMethod::Illuminate\Container\{closure}()
#16 /Users/kellymears/code/sites/tinypixel.dev/site/web/app/themes/sage/vendor/illuminate/container/BoundMethod.php(34): Illuminate\Container\BoundMethod::callBoundMethod(Object(Roots\Acorn\Application), Array, Object(Closure))
#17 /Users/kellymears/code/sites/tinypixel.dev/site/web/app/themes/sage/vendor/illuminate/container/Container.php(576): Illuminate\Container\BoundMethod::call(Object(Roots\Acorn\Application), Array, Array, NULL)
#18 /Users/kellymears/code/sites/tinypixel.dev/site/web/app/themes/sage/vendor/illuminate/console/Command.php(183): Illuminate\Container\Container->call(Array)
#19 /Users/kellymears/code/sites/tinypixel.dev/site/web/app/themes/sage/vendor/symfony/console/Command/Command.php(255): Illuminate\Console\Command->execute(Object(Symfony\Component\Console\Input\ArgvInput), Object(Illuminate\Console\OutputStyle))
#20 /Users/kellymears/code/sites/tinypixel.dev/site/web/app/themes/sage/vendor/illuminate/console/Command.php(170): Symfony\Component\Console\Command\Command->run(Object(Symfony\Component\Console\Input\ArgvInput), Object(Illuminate\Console\OutputStyle))
#21 /Users/kellymears/code/sites/tinypixel.dev/site/web/app/themes/sage/vendor/symfony/console/Application.php(921): Illuminate\Console\Command->run(Object(Symfony\Component\Console\Input\ArgvInput), Object(Symfony\Component\Console\Output\ConsoleOutput))
#22 /Users/kellymears/code/sites/tinypixel.dev/site/web/app/themes/sage/vendor/symfony/console/Application.php(273): Symfony\Component\Console\Application->doRunCommand(Object(TinyPixel\AcornDB\Console\Commands\Migrate\MigrateCommand), Object(Symfony\Component\Console\Input\ArgvInput), Object(Symfony\Component\Console\Output\ConsoleOutput))
#23 /Users/kellymears/code/sites/tinypixel.dev/site/web/app/themes/sage/vendor/symfony/console/Application.php(149): Symfony\Component\Console\Application->doRun(Object(Symfony\Component\Console\Input\ArgvInput), Object(Symfony\Component\Console\Output\ConsoleOutput))
#24 /Users/kellymears/code/sites/tinypixel.dev/site/web/app/themes/sage/vendor/illuminate/console/Application.php(90): Symfony\Component\Console\Application->run(Object(Symfony\Component\Console\Input\ArgvInput), Object(Symfony\Component\Console\Output\ConsoleOutput))
#25 /Users/kellymears/code/sites/tinypixel.dev/site/web/app/themes/sage/vendor/roots/acorn/src/Acorn/Console/Kernel.php(103): Illuminate\Console\Application->run(Object(Symfony\Component\Console\Input\ArgvInput), Object(Symfony\Component\Console\Output\ConsoleOutput))
#26 /Users/kellymears/code/sites/tinypixel.dev/site/web/app/themes/sage/vendor/roots/acorn/src/Acorn/Bootstrap/Console.php(36): Roots\Acorn\Console\Kernel->handle(Object(Symfony\Component\Console\Input\ArgvInput), Object(Symfony\Component\Console\Output\ConsoleOutput))
#27 [internal function]: Roots\Acorn\Bootstrap\Console->Roots\Acorn\Bootstrap\{closure}(Array, Array)
#28 phar:///usr/local/bin/wp/vendor/wp-cli/wp-cli/php/WP_CLI/Dispatcher/CommandFactory.php(100): call_user_func(Object(Closure), Array, Array)
#29 [internal function]: WP_CLI\Dispatcher\CommandFactory::WP_CLI\Dispatcher\{closure}(Array, Array)
#30 phar:///usr/local/bin/wp/vendor/wp-cli/wp-cli/php/WP_CLI/Dispatcher/Subcommand.php(451): call_user_func(Object(Closure), Array, Array)
#31 phar:///usr/local/bin/wp/vendor/wp-cli/wp-cli/php/WP_CLI/Runner.php(371): WP_CLI\Dispatcher\Subcommand->invoke(Array, Array, Array)
#32 phar:///usr/local/bin/wp/vendor/wp-cli/wp-cli/php/WP_CLI/Runner.php(394): WP_CLI\Runner->run_command(Array, Array)
#33 phar:///usr/local/bin/wp/vendor/wp-cli/wp-cli/php/WP_CLI/Runner.php(1132): WP_CLI\Runner->run_command_and_exit()
#34 phar:///usr/local/bin/wp/vendor/wp-cli/wp-cli/php/WP_CLI/Bootstrap/LaunchRunner.php(23): WP_CLI\Runner->start()
#35 phar:///usr/local/bin/wp/vendor/wp-cli/wp-cli/php/bootstrap.php(74): WP_CLI\Bootstrap\LaunchRunner->process(Object(WP_CLI\Bootstrap\BootstrapState))
#36 phar:///usr/local/bin/wp/vendor/wp-cli/wp-cli/php/wp-cli.php(27): WP_CLI\bootstrap()
#37 phar:///usr/local/bin/wp/php/boot-phar.php(11): include('phar:///usr/loc...')
#38 /usr/local/bin/wp(4): include('phar:///usr/loc...')
#39 {main} {"exception":"[object] (Illuminate\\Database\\QueryException(code: 42S02): SQLSTATE[42S02]: Base table or view not found: 1146 Table 'tinypixel_dev.wp_site-status' doesn't exist (SQL: alter table `wp_site-status` add `ID` bigint not null, add `domain` varchar(255) not null, add `expiration` datetime not null, add `tag` varchar(255) not null) at /Users/kellymears/code/sites/tinypixel.dev/site/web/app/themes/sage/vendor/illuminate/database/Connection.php:664, PDOException(code: 42S02): SQLSTATE[42S02]: Base table or view not found: 1146 Table 'tinypixel_dev.wp_site-status' doesn't exist at /Users/kellymears/code/sites/tinypixel.dev/site/web/app/themes/sage/vendor/illuminate/database/Connection.php:458)
[stacktrace]
#0 /Users/kellymears/code/sites/tinypixel.dev/site/web/app/themes/sage/vendor/illuminate/database/Connection.php(624): Illuminate\\Database\\Connection->runQueryCallback('alter table `wp...', Array, Object(Closure))
#1 /Users/kellymears/code/sites/tinypixel.dev/site/web/app/themes/sage/vendor/illuminate/database/Connection.php(459): Illuminate\\Database\\Connection->run('alter table `wp...', Array, Object(Closure))
#2 /Users/kellymears/code/sites/tinypixel.dev/site/web/app/themes/sage/vendor/illuminate/database/Schema/Blueprint.php(97): Illuminate\\Database\\Connection->statement('alter table `wp...')
#3 /Users/kellymears/code/sites/tinypixel.dev/site/web/app/themes/sage/vendor/illuminate/database/Schema/Builder.php(278): Illuminate\\Database\\Schema\\Blueprint->build(Object(Illuminate\\Database\\MySqlConnection), Object(Illuminate\\Database\\Schema\\Grammars\\MySqlGrammar))
#4 /Users/kellymears/code/sites/tinypixel.dev/site/web/app/themes/sage/vendor/illuminate/database/Schema/Builder.php(151): Illuminate\\Database\\Schema\\Builder->build(Object(Illuminate\\Database\\Schema\\Blueprint))
#5 /Users/kellymears/code/sites/tinypixel.dev/site/web/app/themes/sage/vendor/illuminate/support/Facades/Facade.php(237): Illuminate\\Database\\Schema\\Builder->table('site-status', Object(Closure))
#6 /Users/kellymears/code/sites/tinypixel.dev/site/web/app/themes/sage/database/migrations/2019_08_25_092532_site-status.php(21): Illuminate\\Support\\Facades\\Facade::__callStatic('table', Array)
#7 /Users/kellymears/code/sites/tinypixel.dev/site/web/app/themes/sage/vendor/illuminate/database/Migrations/Migrator.php(387): SiteStatus->up()
#8 /Users/kellymears/code/sites/tinypixel.dev/site/web/app/themes/sage/vendor/illuminate/database/Migrations/Migrator.php(396): Illuminate\\Database\\Migrations\\Migrator->Illuminate\\Database\\Migrations\\{closure}()
#9 /Users/kellymears/code/sites/tinypixel.dev/site/web/app/themes/sage/vendor/illuminate/database/Migrations/Migrator.php(197): Illuminate\\Database\\Migrations\\Migrator->runMigration(Object(SiteStatus), 'up')
#10 /Users/kellymears/code/sites/tinypixel.dev/site/web/app/themes/sage/vendor/illuminate/database/Migrations/Migrator.php(162): Illuminate\\Database\\Migrations\\Migrator->runUp('/Users/kellymea...', 1, false)
#11 /Users/kellymears/code/sites/tinypixel.dev/site/web/app/themes/sage/vendor/illuminate/database/Migrations/Migrator.php(109): Illuminate\\Database\\Migrations\\Migrator->runPending(Array, Array)
#12 /Users/kellymears/code/sites/tinypixel.dev/site/web/app/themes/sage/vendor/tiny-pixel/acorn-db/src/Console/Commands/Migrate/MigrateCommand.php(86): Illuminate\\Database\\Migrations\\Migrator->run(Array, Array)
#13 [internal function]: TinyPixel\\AcornDB\\Console\\Commands\\Migrate\\MigrateCommand->handle()
#14 /Users/kellymears/code/sites/tinypixel.dev/site/web/app/themes/sage/vendor/illuminate/container/BoundMethod.php(32): call_user_func_array(Array, Array)
#15 /Users/kellymears/code/sites/tinypixel.dev/site/web/app/themes/sage/vendor/illuminate/container/BoundMethod.php(90): Illuminate\\Container\\BoundMethod::Illuminate\\Container\\{closure}()
#16 /Users/kellymears/code/sites/tinypixel.dev/site/web/app/themes/sage/vendor/illuminate/container/BoundMethod.php(34): Illuminate\\Container\\BoundMethod::callBoundMethod(Object(Roots\\Acorn\\Application), Array, Object(Closure))
#17 /Users/kellymears/code/sites/tinypixel.dev/site/web/app/themes/sage/vendor/illuminate/container/Container.php(576): Illuminate\\Container\\BoundMethod::call(Object(Roots\\Acorn\\Application), Array, Array, NULL)
#18 /Users/kellymears/code/sites/tinypixel.dev/site/web/app/themes/sage/vendor/illuminate/console/Command.php(183): Illuminate\\Container\\Container->call(Array)
#19 /Users/kellymears/code/sites/tinypixel.dev/site/web/app/themes/sage/vendor/symfony/console/Command/Command.php(255): Illuminate\\Console\\Command->execute(Object(Symfony\\Component\\Console\\Input\\ArgvInput), Object(Illuminate\\Console\\OutputStyle))
#20 /Users/kellymears/code/sites/tinypixel.dev/site/web/app/themes/sage/vendor/illuminate/console/Command.php(170): Symfony\\Component\\Console\\Command\\Command->run(Object(Symfony\\Component\\Console\\Input\\ArgvInput), Object(Illuminate\\Console\\OutputStyle))
#21 /Users/kellymears/code/sites/tinypixel.dev/site/web/app/themes/sage/vendor/symfony/console/Application.php(921): Illuminate\\Console\\Command->run(Object(Symfony\\Component\\Console\\Input\\ArgvInput), Object(Symfony\\Component\\Console\\Output\\ConsoleOutput))
#22 /Users/kellymears/code/sites/tinypixel.dev/site/web/app/themes/sage/vendor/symfony/console/Application.php(273): Symfony\\Component\\Console\\Application->doRunCommand(Object(TinyPixel\\AcornDB\\Console\\Commands\\Migrate\\MigrateCommand), Object(Symfony\\Component\\Console\\Input\\ArgvInput), Object(Symfony\\Component\\Console\\Output\\ConsoleOutput))
#23 /Users/kellymears/code/sites/tinypixel.dev/site/web/app/themes/sage/vendor/symfony/console/Application.php(149): Symfony\\Component\\Console\\Application->doRun(Object(Symfony\\Component\\Console\\Input\\ArgvInput), Object(Symfony\\Component\\Console\\Output\\ConsoleOutput))
#24 /Users/kellymears/code/sites/tinypixel.dev/site/web/app/themes/sage/vendor/illuminate/console/Application.php(90): Symfony\\Component\\Console\\Application->run(Object(Symfony\\Component\\Console\\Input\\ArgvInput), Object(Symfony\\Component\\Console\\Output\\ConsoleOutput))
#25 /Users/kellymears/code/sites/tinypixel.dev/site/web/app/themes/sage/vendor/roots/acorn/src/Acorn/Console/Kernel.php(103): Illuminate\\Console\\Application->run(Object(Symfony\\Component\\Console\\Input\\ArgvInput), Object(Symfony\\Component\\Console\\Output\\ConsoleOutput))
#26 /Users/kellymears/code/sites/tinypixel.dev/site/web/app/themes/sage/vendor/roots/acorn/src/Acorn/Bootstrap/Console.php(36): Roots\\Acorn\\Console\\Kernel->handle(Object(Symfony\\Component\\Console\\Input\\ArgvInput), Object(Symfony\\Component\\Console\\Output\\ConsoleOutput))
#27 [internal function]: Roots\\Acorn\\Bootstrap\\Console->Roots\\Acorn\\Bootstrap\\{closure}(Array, Array)
#28 phar:///usr/local/bin/wp/vendor/wp-cli/wp-cli/php/WP_CLI/Dispatcher/CommandFactory.php(100): call_user_func(Object(Closure), Array, Array)
#29 [internal function]: WP_CLI\\Dispatcher\\CommandFactory::WP_CLI\\Dispatcher\\{closure}(Array, Array)
#30 phar:///usr/local/bin/wp/vendor/wp-cli/wp-cli/php/WP_CLI/Dispatcher/Subcommand.php(451): call_user_func(Object(Closure), Array, Array)
#31 phar:///usr/local/bin/wp/vendor/wp-cli/wp-cli/php/WP_CLI/Runner.php(371): WP_CLI\\Dispatcher\\Subcommand->invoke(Array, Array, Array)
#32 phar:///usr/local/bin/wp/vendor/wp-cli/wp-cli/php/WP_CLI/Runner.php(394): WP_CLI\\Runner->run_command(Array, Array)
#33 phar:///usr/local/bin/wp/vendor/wp-cli/wp-cli/php/WP_CLI/Runner.php(1132): WP_CLI\\Runner->run_command_and_exit()
#34 phar:///usr/local/bin/wp/vendor/wp-cli/wp-cli/php/WP_CLI/Bootstrap/LaunchRunner.php(23): WP_CLI\\Runner->start()
#35 phar:///usr/local/bin/wp/vendor/wp-cli/wp-cli/php/bootstrap.php(74): WP_CLI\\Bootstrap\\LaunchRunner->process(Object(WP_CLI\\Bootstrap\\BootstrapState))
#36 phar:///usr/local/bin/wp/vendor/wp-cli/wp-cli/php/wp-cli.php(27): WP_CLI\\bootstrap()
#37 phar:///usr/local/bin/wp/php/boot-phar.php(11): include('phar:///usr/loc...')
#38 /usr/local/bin/wp(4): include('phar:///usr/loc...')
#39 {main}
"} 
[2019-08-25 09:30:20] laravel.EMERGENCY: Unable to create configured logger. Using emergency logger. {"exception":"[object] (InvalidArgumentException(code: 0): Log [] is not defined. at /Users/kellymears/code/sites/tinypixel.dev/site/web/app/themes/sage/vendor/illuminate/log/LogManager.php:168)
[stacktrace]
#0 /Users/kellymears/code/sites/tinypixel.dev/site/web/app/themes/sage/vendor/illuminate/log/LogManager.php(102): Illuminate\\Log\\LogManager->resolve(NULL)
#1 /Users/kellymears/code/sites/tinypixel.dev/site/web/app/themes/sage/vendor/illuminate/log/LogManager.php(90): Illuminate\\Log\\LogManager->get(NULL)
#2 /Users/kellymears/code/sites/tinypixel.dev/site/web/app/themes/sage/vendor/illuminate/log/LogManager.php(500): Illuminate\\Log\\LogManager->driver()
#3 /Users/kellymears/code/sites/tinypixel.dev/site/web/app/themes/sage/vendor/roots/acorn/src/Acorn/Exceptions/Handler.php(38): Illuminate\\Log\\LogManager->error(Object(Symfony\\Component\\Console\\Exception\\RuntimeException), Array)
#4 /Users/kellymears/code/sites/tinypixel.dev/site/web/app/themes/sage/vendor/roots/acorn/src/Acorn/Console/Kernel.php(257): Roots\\Acorn\\Exceptions\\Handler->report(Object(Symfony\\Component\\Console\\Exception\\RuntimeException))
#5 /Users/kellymears/code/sites/tinypixel.dev/site/web/app/themes/sage/vendor/roots/acorn/src/Acorn/Console/Kernel.php(105): Roots\\Acorn\\Console\\Kernel->reportException(Object(Symfony\\Component\\Console\\Exception\\RuntimeException))
#6 /Users/kellymears/code/sites/tinypixel.dev/site/web/app/themes/sage/vendor/roots/acorn/src/Acorn/Bootstrap/Console.php(36): Roots\\Acorn\\Console\\Kernel->handle(Object(Symfony\\Component\\Console\\Input\\ArgvInput), Object(Symfony\\Component\\Console\\Output\\ConsoleOutput))
#7 [internal function]: Roots\\Acorn\\Bootstrap\\Console->Roots\\Acorn\\Bootstrap\\{closure}(Array, Array)
#8 phar:///usr/local/bin/wp/vendor/wp-cli/wp-cli/php/WP_CLI/Dispatcher/CommandFactory.php(100): call_user_func(Object(Closure), Array, Array)
#9 [internal function]: WP_CLI\\Dispatcher\\CommandFactory::WP_CLI\\Dispatcher\\{closure}(Array, Array)
#10 phar:///usr/local/bin/wp/vendor/wp-cli/wp-cli/php/WP_CLI/Dispatcher/Subcommand.php(451): call_user_func(Object(Closure), Array, Array)
#11 phar:///usr/local/bin/wp/vendor/wp-cli/wp-cli/php/WP_CLI/Runner.php(371): WP_CLI\\Dispatcher\\Subcommand->invoke(Array, Array, Array)
#12 phar:///usr/local/bin/wp/vendor/wp-cli/wp-cli/php/WP_CLI/Runner.php(394): WP_CLI\\Runner->run_command(Array, Array)
#13 phar:///usr/local/bin/wp/vendor/wp-cli/wp-cli/php/WP_CLI/Runner.php(1132): WP_CLI\\Runner->run_command_and_exit()
#14 phar:///usr/local/bin/wp/vendor/wp-cli/wp-cli/php/WP_CLI/Bootstrap/LaunchRunner.php(23): WP_CLI\\Runner->start()
#15 phar:///usr/local/bin/wp/vendor/wp-cli/wp-cli/php/bootstrap.php(74): WP_CLI\\Bootstrap\\LaunchRunner->process(Object(WP_CLI\\Bootstrap\\BootstrapState))
#16 phar:///usr/local/bin/wp/vendor/wp-cli/wp-cli/php/wp-cli.php(27): WP_CLI\\bootstrap()
#17 phar:///usr/local/bin/wp/php/boot-phar.php(11): include('phar:///usr/loc...')
#18 /usr/local/bin/wp(4): include('phar:///usr/loc...')
#19 {main}
"} 
[2019-08-25 09:30:20] laravel.ERROR: Symfony\Component\Console\Exception\RuntimeException: The "--create" option does not exist. in /Users/kellymears/code/sites/tinypixel.dev/site/web/app/themes/sage/vendor/symfony/console/Input/ArgvInput.php:218
Stack trace:
#0 /Users/kellymears/code/sites/tinypixel.dev/site/web/app/themes/sage/vendor/symfony/console/Input/ArgvInput.php(154): Symfony\Component\Console\Input\ArgvInput->addLongOption('create', NULL)
#1 /Users/kellymears/code/sites/tinypixel.dev/site/web/app/themes/sage/vendor/symfony/console/Input/ArgvInput.php(82): Symfony\Component\Console\Input\ArgvInput->parseLongOption('--create')
#2 /Users/kellymears/code/sites/tinypixel.dev/site/web/app/themes/sage/vendor/symfony/console/Input/Input.php(55): Symfony\Component\Console\Input\ArgvInput->parse()
#3 /Users/kellymears/code/sites/tinypixel.dev/site/web/app/themes/sage/vendor/symfony/console/Command/Command.php(214): Symfony\Component\Console\Input\Input->bind(Object(Symfony\Component\Console\Input\InputDefinition))
#4 /Users/kellymears/code/sites/tinypixel.dev/site/web/app/themes/sage/vendor/illuminate/console/Command.php(170): Symfony\Component\Console\Command\Command->run(Object(Symfony\Component\Console\Input\ArgvInput), Object(Illuminate\Console\OutputStyle))
#5 /Users/kellymears/code/sites/tinypixel.dev/site/web/app/themes/sage/vendor/symfony/console/Application.php(921): Illuminate\Console\Command->run(Object(Symfony\Component\Console\Input\ArgvInput), Object(Symfony\Component\Console\Output\ConsoleOutput))
#6 /Users/kellymears/code/sites/tinypixel.dev/site/web/app/themes/sage/vendor/symfony/console/Application.php(273): Symfony\Component\Console\Application->doRunCommand(Object(TinyPixel\AcornDB\Console\Commands\Migrate\MigrateCommand), Object(Symfony\Component\Console\Input\ArgvInput), Object(Symfony\Component\Console\Output\ConsoleOutput))
#7 /Users/kellymears/code/sites/tinypixel.dev/site/web/app/themes/sage/vendor/symfony/console/Application.php(149): Symfony\Component\Console\Application->doRun(Object(Symfony\Component\Console\Input\ArgvInput), Object(Symfony\Component\Console\Output\ConsoleOutput))
#8 /Users/kellymears/code/sites/tinypixel.dev/site/web/app/themes/sage/vendor/illuminate/console/Application.php(90): Symfony\Component\Console\Application->run(Object(Symfony\Component\Console\Input\ArgvInput), Object(Symfony\Component\Console\Output\ConsoleOutput))
#9 /Users/kellymears/code/sites/tinypixel.dev/site/web/app/themes/sage/vendor/roots/acorn/src/Acorn/Console/Kernel.php(103): Illuminate\Console\Application->run(Object(Symfony\Component\Console\Input\ArgvInput), Object(Symfony\Component\Console\Output\ConsoleOutput))
#10 /Users/kellymears/code/sites/tinypixel.dev/site/web/app/themes/sage/vendor/roots/acorn/src/Acorn/Bootstrap/Console.php(36): Roots\Acorn\Console\Kernel->handle(Object(Symfony\Component\Console\Input\ArgvInput), Object(Symfony\Component\Console\Output\ConsoleOutput))
#11 [internal function]: Roots\Acorn\Bootstrap\Console->Roots\Acorn\Bootstrap\{closure}(Array, Array)
#12 phar:///usr/local/bin/wp/vendor/wp-cli/wp-cli/php/WP_CLI/Dispatcher/CommandFactory.php(100): call_user_func(Object(Closure), Array, Array)
#13 [internal function]: WP_CLI\Dispatcher\CommandFactory::WP_CLI\Dispatcher\{closure}(Array, Array)
#14 phar:///usr/local/bin/wp/vendor/wp-cli/wp-cli/php/WP_CLI/Dispatcher/Subcommand.php(451): call_user_func(Object(Closure), Array, Array)
#15 phar:///usr/local/bin/wp/vendor/wp-cli/wp-cli/php/WP_CLI/Runner.php(371): WP_CLI\Dispatcher\Subcommand->invoke(Array, Array, Array)
#16 phar:///usr/local/bin/wp/vendor/wp-cli/wp-cli/php/WP_CLI/Runner.php(394): WP_CLI\Runner->run_command(Array, Array)
#17 phar:///usr/local/bin/wp/vendor/wp-cli/wp-cli/php/WP_CLI/Runner.php(1132): WP_CLI\Runner->run_command_and_exit()
#18 phar:///usr/local/bin/wp/vendor/wp-cli/wp-cli/php/WP_CLI/Bootstrap/LaunchRunner.php(23): WP_CLI\Runner->start()
#19 phar:///usr/local/bin/wp/vendor/wp-cli/wp-cli/php/bootstrap.php(74): WP_CLI\Bootstrap\LaunchRunner->process(Object(WP_CLI\Bootstrap\BootstrapState))
#20 phar:///usr/local/bin/wp/vendor/wp-cli/wp-cli/php/wp-cli.php(27): WP_CLI\bootstrap()
#21 phar:///usr/local/bin/wp/php/boot-phar.php(11): include('phar:///usr/loc...')
#22 /usr/local/bin/wp(4): include('phar:///usr/loc...')
#23 {main} {"exception":"[object] (Symfony\\Component\\Console\\Exception\\RuntimeException(code: 0): The \"--create\" option does not exist. at /Users/kellymears/code/sites/tinypixel.dev/site/web/app/themes/sage/vendor/symfony/console/Input/ArgvInput.php:218)
[stacktrace]
#0 /Users/kellymears/code/sites/tinypixel.dev/site/web/app/themes/sage/vendor/symfony/console/Input/ArgvInput.php(154): Symfony\\Component\\Console\\Input\\ArgvInput->addLongOption('create', NULL)
#1 /Users/kellymears/code/sites/tinypixel.dev/site/web/app/themes/sage/vendor/symfony/console/Input/ArgvInput.php(82): Symfony\\Component\\Console\\Input\\ArgvInput->parseLongOption('--create')
#2 /Users/kellymears/code/sites/tinypixel.dev/site/web/app/themes/sage/vendor/symfony/console/Input/Input.php(55): Symfony\\Component\\Console\\Input\\ArgvInput->parse()
#3 /Users/kellymears/code/sites/tinypixel.dev/site/web/app/themes/sage/vendor/symfony/console/Command/Command.php(214): Symfony\\Component\\Console\\Input\\Input->bind(Object(Symfony\\Component\\Console\\Input\\InputDefinition))
#4 /Users/kellymears/code/sites/tinypixel.dev/site/web/app/themes/sage/vendor/illuminate/console/Command.php(170): Symfony\\Component\\Console\\Command\\Command->run(Object(Symfony\\Component\\Console\\Input\\ArgvInput), Object(Illuminate\\Console\\OutputStyle))
#5 /Users/kellymears/code/sites/tinypixel.dev/site/web/app/themes/sage/vendor/symfony/console/Application.php(921): Illuminate\\Console\\Command->run(Object(Symfony\\Component\\Console\\Input\\ArgvInput), Object(Symfony\\Component\\Console\\Output\\ConsoleOutput))
#6 /Users/kellymears/code/sites/tinypixel.dev/site/web/app/themes/sage/vendor/symfony/console/Application.php(273): Symfony\\Component\\Console\\Application->doRunCommand(Object(TinyPixel\\AcornDB\\Console\\Commands\\Migrate\\MigrateCommand), Object(Symfony\\Component\\Console\\Input\\ArgvInput), Object(Symfony\\Component\\Console\\Output\\ConsoleOutput))
#7 /Users/kellymears/code/sites/tinypixel.dev/site/web/app/themes/sage/vendor/symfony/console/Application.php(149): Symfony\\Component\\Console\\Application->doRun(Object(Symfony\\Component\\Console\\Input\\ArgvInput), Object(Symfony\\Component\\Console\\Output\\ConsoleOutput))
#8 /Users/kellymears/code/sites/tinypixel.dev/site/web/app/themes/sage/vendor/illuminate/console/Application.php(90): Symfony\\Component\\Console\\Application->run(Object(Symfony\\Component\\Console\\Input\\ArgvInput), Object(Symfony\\Component\\Console\\Output\\ConsoleOutput))
#9 /Users/kellymears/code/sites/tinypixel.dev/site/web/app/themes/sage/vendor/roots/acorn/src/Acorn/Console/Kernel.php(103): Illuminate\\Console\\Application->run(Object(Symfony\\Component\\Console\\Input\\ArgvInput), Object(Symfony\\Component\\Console\\Output\\ConsoleOutput))
#10 /Users/kellymears/code/sites/tinypixel.dev/site/web/app/themes/sage/vendor/roots/acorn/src/Acorn/Bootstrap/Console.php(36): Roots\\Acorn\\Console\\Kernel->handle(Object(Symfony\\Component\\Console\\Input\\ArgvInput), Object(Symfony\\Component\\Console\\Output\\ConsoleOutput))
#11 [internal function]: Roots\\Acorn\\Bootstrap\\Console->Roots\\Acorn\\Bootstrap\\{closure}(Array, Array)
#12 phar:///usr/local/bin/wp/vendor/wp-cli/wp-cli/php/WP_CLI/Dispatcher/CommandFactory.php(100): call_user_func(Object(Closure), Array, Array)
#13 [internal function]: WP_CLI\\Dispatcher\\CommandFactory::WP_CLI\\Dispatcher\\{closure}(Array, Array)
#14 phar:///usr/local/bin/wp/vendor/wp-cli/wp-cli/php/WP_CLI/Dispatcher/Subcommand.php(451): call_user_func(Object(Closure), Array, Array)
#15 phar:///usr/local/bin/wp/vendor/wp-cli/wp-cli/php/WP_CLI/Runner.php(371): WP_CLI\\Dispatcher\\Subcommand->invoke(Array, Array, Array)
#16 phar:///usr/local/bin/wp/vendor/wp-cli/wp-cli/php/WP_CLI/Runner.php(394): WP_CLI\\Runner->run_command(Array, Array)
#17 phar:///usr/local/bin/wp/vendor/wp-cli/wp-cli/php/WP_CLI/Runner.php(1132): WP_CLI\\Runner->run_command_and_exit()
#18 phar:///usr/local/bin/wp/vendor/wp-cli/wp-cli/php/WP_CLI/Bootstrap/LaunchRunner.php(23): WP_CLI\\Runner->start()
#19 phar:///usr/local/bin/wp/vendor/wp-cli/wp-cli/php/bootstrap.php(74): WP_CLI\\Bootstrap\\LaunchRunner->process(Object(WP_CLI\\Bootstrap\\BootstrapState))
#20 phar:///usr/local/bin/wp/vendor/wp-cli/wp-cli/php/wp-cli.php(27): WP_CLI\\bootstrap()
#21 phar:///usr/local/bin/wp/php/boot-phar.php(11): include('phar:///usr/loc...')
#22 /usr/local/bin/wp(4): include('phar:///usr/loc...')
#23 {main}
"} 
[2019-08-25 09:31:16] laravel.EMERGENCY: Unable to create configured logger. Using emergency logger. {"exception":"[object] (InvalidArgumentException(code: 0): Log [] is not defined. at /Users/kellymears/code/sites/tinypixel.dev/site/web/app/themes/sage/vendor/illuminate/log/LogManager.php:168)
[stacktrace]
#0 /Users/kellymears/code/sites/tinypixel.dev/site/web/app/themes/sage/vendor/illuminate/log/LogManager.php(102): Illuminate\\Log\\LogManager->resolve(NULL)
#1 /Users/kellymears/code/sites/tinypixel.dev/site/web/app/themes/sage/vendor/illuminate/log/LogManager.php(90): Illuminate\\Log\\LogManager->get(NULL)
#2 /Users/kellymears/code/sites/tinypixel.dev/site/web/app/themes/sage/vendor/illuminate/log/LogManager.php(500): Illuminate\\Log\\LogManager->driver()
#3 /Users/kellymears/code/sites/tinypixel.dev/site/web/app/themes/sage/vendor/roots/acorn/src/Acorn/Exceptions/Handler.php(38): Illuminate\\Log\\LogManager->error(Object(Symfony\\Component\\Console\\Exception\\CommandNotFoundException), Array)
#4 /Users/kellymears/code/sites/tinypixel.dev/site/web/app/themes/sage/vendor/roots/acorn/src/Acorn/Console/Kernel.php(257): Roots\\Acorn\\Exceptions\\Handler->report(Object(Symfony\\Component\\Console\\Exception\\CommandNotFoundException))
#5 /Users/kellymears/code/sites/tinypixel.dev/site/web/app/themes/sage/vendor/roots/acorn/src/Acorn/Console/Kernel.php(105): Roots\\Acorn\\Console\\Kernel->reportException(Object(Symfony\\Component\\Console\\Exception\\CommandNotFoundException))
#6 /Users/kellymears/code/sites/tinypixel.dev/site/web/app/themes/sage/vendor/roots/acorn/src/Acorn/Bootstrap/Console.php(36): Roots\\Acorn\\Console\\Kernel->handle(Object(Symfony\\Component\\Console\\Input\\ArgvInput), Object(Symfony\\Component\\Console\\Output\\ConsoleOutput))
#7 [internal function]: Roots\\Acorn\\Bootstrap\\Console->Roots\\Acorn\\Bootstrap\\{closure}(Array, Array)
#8 phar:///usr/local/bin/wp/vendor/wp-cli/wp-cli/php/WP_CLI/Dispatcher/CommandFactory.php(100): call_user_func(Object(Closure), Array, Array)
#9 [internal function]: WP_CLI\\Dispatcher\\CommandFactory::WP_CLI\\Dispatcher\\{closure}(Array, Array)
#10 phar:///usr/local/bin/wp/vendor/wp-cli/wp-cli/php/WP_CLI/Dispatcher/Subcommand.php(451): call_user_func(Object(Closure), Array, Array)
#11 phar:///usr/local/bin/wp/vendor/wp-cli/wp-cli/php/WP_CLI/Runner.php(371): WP_CLI\\Dispatcher\\Subcommand->invoke(Array, Array, Array)
#12 phar:///usr/local/bin/wp/vendor/wp-cli/wp-cli/php/WP_CLI/Runner.php(394): WP_CLI\\Runner->run_command(Array, Array)
#13 phar:///usr/local/bin/wp/vendor/wp-cli/wp-cli/php/WP_CLI/Runner.php(1161): WP_CLI\\Runner->run_command_and_exit()
#14 phar:///usr/local/bin/wp/vendor/wp-cli/wp-cli/php/WP_CLI/Bootstrap/LaunchRunner.php(23): WP_CLI\\Runner->start()
#15 phar:///usr/local/bin/wp/vendor/wp-cli/wp-cli/php/bootstrap.php(74): WP_CLI\\Bootstrap\\LaunchRunner->process(Object(WP_CLI\\Bootstrap\\BootstrapState))
#16 phar:///usr/local/bin/wp/vendor/wp-cli/wp-cli/php/wp-cli.php(27): WP_CLI\\bootstrap()
#17 phar:///usr/local/bin/wp/php/boot-phar.php(11): include('phar:///usr/loc...')
#18 /usr/local/bin/wp(4): include('phar:///usr/loc...')
#19 {main}
"} 
[2019-08-25 09:31:16] laravel.ERROR: Symfony\Component\Console\Exception\CommandNotFoundException: Command "make:migrate" is not defined.

Did you mean one of these?
    make:command
    make:composer
    make:factory
    make:migration
    make:provider
    make:seeder in /Users/kellymears/code/sites/tinypixel.dev/site/web/app/themes/sage/vendor/symfony/console/Application.php:652
Stack trace:
#0 /Users/kellymears/code/sites/tinypixel.dev/site/web/app/themes/sage/vendor/symfony/console/Command/HelpCommand.php(70): Symfony\Component\Console\Application->find('make:migrate')
#1 /Users/kellymears/code/sites/tinypixel.dev/site/web/app/themes/sage/vendor/symfony/console/Command/Command.php(255): Symfony\Component\Console\Command\HelpCommand->execute(Object(Symfony\Component\Console\Input\ArgvInput), Object(Symfony\Component\Console\Output\ConsoleOutput))
#2 /Users/kellymears/code/sites/tinypixel.dev/site/web/app/themes/sage/vendor/symfony/console/Application.php(921): Symfony\Component\Console\Command\Command->run(Object(Symfony\Component\Console\Input\ArgvInput), Object(Symfony\Component\Console\Output\ConsoleOutput))
#3 /Users/kellymears/code/sites/tinypixel.dev/site/web/app/themes/sage/vendor/symfony/console/Application.php(273): Symfony\Component\Console\Application->doRunCommand(Object(Symfony\Component\Console\Command\HelpCommand), Object(Symfony\Component\Console\Input\ArgvInput), Object(Symfony\Component\Console\Output\ConsoleOutput))
#4 /Users/kellymears/code/sites/tinypixel.dev/site/web/app/themes/sage/vendor/symfony/console/Application.php(149): Symfony\Component\Console\Application->doRun(Object(Symfony\Component\Console\Input\ArgvInput), Object(Symfony\Component\Console\Output\ConsoleOutput))
#5 /Users/kellymears/code/sites/tinypixel.dev/site/web/app/themes/sage/vendor/illuminate/console/Application.php(90): Symfony\Component\Console\Application->run(Object(Symfony\Component\Console\Input\ArgvInput), Object(Symfony\Component\Console\Output\ConsoleOutput))
#6 /Users/kellymears/code/sites/tinypixel.dev/site/web/app/themes/sage/vendor/roots/acorn/src/Acorn/Console/Kernel.php(103): Illuminate\Console\Application->run(Object(Symfony\Component\Console\Input\ArgvInput), Object(Symfony\Component\Console\Output\ConsoleOutput))
#7 /Users/kellymears/code/sites/tinypixel.dev/site/web/app/themes/sage/vendor/roots/acorn/src/Acorn/Bootstrap/Console.php(36): Roots\Acorn\Console\Kernel->handle(Object(Symfony\Component\Console\Input\ArgvInput), Object(Symfony\Component\Console\Output\ConsoleOutput))
#8 [internal function]: Roots\Acorn\Bootstrap\Console->Roots\Acorn\Bootstrap\{closure}(Array, Array)
#9 phar:///usr/local/bin/wp/vendor/wp-cli/wp-cli/php/WP_CLI/Dispatcher/CommandFactory.php(100): call_user_func(Object(Closure), Array, Array)
#10 [internal function]: WP_CLI\Dispatcher\CommandFactory::WP_CLI\Dispatcher\{closure}(Array, Array)
#11 phar:///usr/local/bin/wp/vendor/wp-cli/wp-cli/php/WP_CLI/Dispatcher/Subcommand.php(451): call_user_func(Object(Closure), Array, Array)
#12 phar:///usr/local/bin/wp/vendor/wp-cli/wp-cli/php/WP_CLI/Runner.php(371): WP_CLI\Dispatcher\Subcommand->invoke(Array, Array, Array)
#13 phar:///usr/local/bin/wp/vendor/wp-cli/wp-cli/php/WP_CLI/Runner.php(394): WP_CLI\Runner->run_command(Array, Array)
#14 phar:///usr/local/bin/wp/vendor/wp-cli/wp-cli/php/WP_CLI/Runner.php(1161): WP_CLI\Runner->run_command_and_exit()
#15 phar:///usr/local/bin/wp/vendor/wp-cli/wp-cli/php/WP_CLI/Bootstrap/LaunchRunner.php(23): WP_CLI\Runner->start()
#16 phar:///usr/local/bin/wp/vendor/wp-cli/wp-cli/php/bootstrap.php(74): WP_CLI\Bootstrap\LaunchRunner->process(Object(WP_CLI\Bootstrap\BootstrapState))
#17 phar:///usr/local/bin/wp/vendor/wp-cli/wp-cli/php/wp-cli.php(27): WP_CLI\bootstrap()
#18 phar:///usr/local/bin/wp/php/boot-phar.php(11): include('phar:///usr/loc...')
#19 /usr/local/bin/wp(4): include('phar:///usr/loc...')
#20 {main} {"exception":"[object] (Symfony\\Component\\Console\\Exception\\CommandNotFoundException(code: 0): Command \"make:migrate\" is not defined.

Did you mean one of these?
    make:command
    make:composer
    make:factory
    make:migration
    make:provider
    make:seeder at /Users/kellymears/code/sites/tinypixel.dev/site/web/app/themes/sage/vendor/symfony/console/Application.php:652)
[stacktrace]
#0 /Users/kellymears/code/sites/tinypixel.dev/site/web/app/themes/sage/vendor/symfony/console/Command/HelpCommand.php(70): Symfony\\Component\\Console\\Application->find('make:migrate')
#1 /Users/kellymears/code/sites/tinypixel.dev/site/web/app/themes/sage/vendor/symfony/console/Command/Command.php(255): Symfony\\Component\\Console\\Command\\HelpCommand->execute(Object(Symfony\\Component\\Console\\Input\\ArgvInput), Object(Symfony\\Component\\Console\\Output\\ConsoleOutput))
#2 /Users/kellymears/code/sites/tinypixel.dev/site/web/app/themes/sage/vendor/symfony/console/Application.php(921): Symfony\\Component\\Console\\Command\\Command->run(Object(Symfony\\Component\\Console\\Input\\ArgvInput), Object(Symfony\\Component\\Console\\Output\\ConsoleOutput))
#3 /Users/kellymears/code/sites/tinypixel.dev/site/web/app/themes/sage/vendor/symfony/console/Application.php(273): Symfony\\Component\\Console\\Application->doRunCommand(Object(Symfony\\Component\\Console\\Command\\HelpCommand), Object(Symfony\\Component\\Console\\Input\\ArgvInput), Object(Symfony\\Component\\Console\\Output\\ConsoleOutput))
#4 /Users/kellymears/code/sites/tinypixel.dev/site/web/app/themes/sage/vendor/symfony/console/Application.php(149): Symfony\\Component\\Console\\Application->doRun(Object(Symfony\\Component\\Console\\Input\\ArgvInput), Object(Symfony\\Component\\Console\\Output\\ConsoleOutput))
#5 /Users/kellymears/code/sites/tinypixel.dev/site/web/app/themes/sage/vendor/illuminate/console/Application.php(90): Symfony\\Component\\Console\\Application->run(Object(Symfony\\Component\\Console\\Input\\ArgvInput), Object(Symfony\\Component\\Console\\Output\\ConsoleOutput))
#6 /Users/kellymears/code/sites/tinypixel.dev/site/web/app/themes/sage/vendor/roots/acorn/src/Acorn/Console/Kernel.php(103): Illuminate\\Console\\Application->run(Object(Symfony\\Component\\Console\\Input\\ArgvInput), Object(Symfony\\Component\\Console\\Output\\ConsoleOutput))
#7 /Users/kellymears/code/sites/tinypixel.dev/site/web/app/themes/sage/vendor/roots/acorn/src/Acorn/Bootstrap/Console.php(36): Roots\\Acorn\\Console\\Kernel->handle(Object(Symfony\\Component\\Console\\Input\\ArgvInput), Object(Symfony\\Component\\Console\\Output\\ConsoleOutput))
#8 [internal function]: Roots\\Acorn\\Bootstrap\\Console->Roots\\Acorn\\Bootstrap\\{closure}(Array, Array)
#9 phar:///usr/local/bin/wp/vendor/wp-cli/wp-cli/php/WP_CLI/Dispatcher/CommandFactory.php(100): call_user_func(Object(Closure), Array, Array)
#10 [internal function]: WP_CLI\\Dispatcher\\CommandFactory::WP_CLI\\Dispatcher\\{closure}(Array, Array)
#11 phar:///usr/local/bin/wp/vendor/wp-cli/wp-cli/php/WP_CLI/Dispatcher/Subcommand.php(451): call_user_func(Object(Closure), Array, Array)
#12 phar:///usr/local/bin/wp/vendor/wp-cli/wp-cli/php/WP_CLI/Runner.php(371): WP_CLI\\Dispatcher\\Subcommand->invoke(Array, Array, Array)
#13 phar:///usr/local/bin/wp/vendor/wp-cli/wp-cli/php/WP_CLI/Runner.php(394): WP_CLI\\Runner->run_command(Array, Array)
#14 phar:///usr/local/bin/wp/vendor/wp-cli/wp-cli/php/WP_CLI/Runner.php(1161): WP_CLI\\Runner->run_command_and_exit()
#15 phar:///usr/local/bin/wp/vendor/wp-cli/wp-cli/php/WP_CLI/Bootstrap/LaunchRunner.php(23): WP_CLI\\Runner->start()
#16 phar:///usr/local/bin/wp/vendor/wp-cli/wp-cli/php/bootstrap.php(74): WP_CLI\\Bootstrap\\LaunchRunner->process(Object(WP_CLI\\Bootstrap\\BootstrapState))
#17 phar:///usr/local/bin/wp/vendor/wp-cli/wp-cli/php/wp-cli.php(27): WP_CLI\\bootstrap()
#18 phar:///usr/local/bin/wp/php/boot-phar.php(11): include('phar:///usr/loc...')
#19 /usr/local/bin/wp(4): include('phar:///usr/loc...')
#20 {main}
"} 
[2019-08-25 09:43:54] laravel.EMERGENCY: Unable to create configured logger. Using emergency logger. {"exception":"[object] (InvalidArgumentException(code: 0): Log [] is not defined. at /Users/kellymears/code/sites/tinypixel.dev/site/web/app/themes/sage/vendor/illuminate/log/LogManager.php:168)
[stacktrace]
#0 /Users/kellymears/code/sites/tinypixel.dev/site/web/app/themes/sage/vendor/illuminate/log/LogManager.php(102): Illuminate\\Log\\LogManager->resolve(NULL)
#1 /Users/kellymears/code/sites/tinypixel.dev/site/web/app/themes/sage/vendor/illuminate/log/LogManager.php(90): Illuminate\\Log\\LogManager->get(NULL)
#2 /Users/kellymears/code/sites/tinypixel.dev/site/web/app/themes/sage/vendor/illuminate/log/LogManager.php(500): Illuminate\\Log\\LogManager->driver()
#3 /Users/kellymears/code/sites/tinypixel.dev/site/web/app/themes/sage/vendor/roots/acorn/src/Acorn/Exceptions/Handler.php(38): Illuminate\\Log\\LogManager->error(Object(BadMethodCallException), Array)
#4 /Users/kellymears/code/sites/tinypixel.dev/site/web/app/themes/sage/vendor/roots/acorn/src/Acorn/Console/Kernel.php(257): Roots\\Acorn\\Exceptions\\Handler->report(Object(BadMethodCallException))
#5 /Users/kellymears/code/sites/tinypixel.dev/site/web/app/themes/sage/vendor/roots/acorn/src/Acorn/Console/Kernel.php(105): Roots\\Acorn\\Console\\Kernel->reportException(Object(BadMethodCallException))
#6 /Users/kellymears/code/sites/tinypixel.dev/site/web/app/themes/sage/vendor/roots/acorn/src/Acorn/Bootstrap/Console.php(36): Roots\\Acorn\\Console\\Kernel->handle(Object(Symfony\\Component\\Console\\Input\\ArgvInput), Object(Symfony\\Component\\Console\\Output\\ConsoleOutput))
#7 [internal function]: Roots\\Acorn\\Bootstrap\\Console->Roots\\Acorn\\Bootstrap\\{closure}(Array, Array)
#8 phar:///usr/local/bin/wp/vendor/wp-cli/wp-cli/php/WP_CLI/Dispatcher/CommandFactory.php(100): call_user_func(Object(Closure), Array, Array)
#9 [internal function]: WP_CLI\\Dispatcher\\CommandFactory::WP_CLI\\Dispatcher\\{closure}(Array, Array)
#10 phar:///usr/local/bin/wp/vendor/wp-cli/wp-cli/php/WP_CLI/Dispatcher/Subcommand.php(451): call_user_func(Object(Closure), Array, Array)
#11 phar:///usr/local/bin/wp/vendor/wp-cli/wp-cli/php/WP_CLI/Runner.php(371): WP_CLI\\Dispatcher\\Subcommand->invoke(Array, Array, Array)
#12 phar:///usr/local/bin/wp/vendor/wp-cli/wp-cli/php/WP_CLI/Runner.php(394): WP_CLI\\Runner->run_command(Array, Array)
#13 phar:///usr/local/bin/wp/vendor/wp-cli/wp-cli/php/WP_CLI/Runner.php(1161): WP_CLI\\Runner->run_command_and_exit()
#14 phar:///usr/local/bin/wp/vendor/wp-cli/wp-cli/php/WP_CLI/Bootstrap/LaunchRunner.php(23): WP_CLI\\Runner->start()
#15 phar:///usr/local/bin/wp/vendor/wp-cli/wp-cli/php/bootstrap.php(74): WP_CLI\\Bootstrap\\LaunchRunner->process(Object(WP_CLI\\Bootstrap\\BootstrapState))
#16 phar:///usr/local/bin/wp/vendor/wp-cli/wp-cli/php/wp-cli.php(27): WP_CLI\\bootstrap()
#17 phar:///usr/local/bin/wp/php/boot-phar.php(11): include('phar:///usr/loc...')
#18 /usr/local/bin/wp(4): include('phar:///usr/loc...')
#19 {main}
"} 
[2019-08-25 09:43:54] laravel.ERROR: BadMethodCallException: Method Illuminate\Database\Schema\Blueprint::issuer does not exist. in /Users/kellymears/code/sites/tinypixel.dev/site/web/app/themes/sage/vendor/illuminate/support/Traits/Macroable.php:102
Stack trace:
#0 /Users/kellymears/code/sites/tinypixel.dev/site/web/app/themes/sage/database/migrations/2019_08_25_094307_site-status.php(17): Illuminate\Database\Schema\Blueprint->__call('issuer', Array)
#1 /Users/kellymears/code/sites/tinypixel.dev/site/web/app/themes/sage/vendor/illuminate/database/Schema/Blueprint.php(83): SiteStatus->{closure}(Object(Illuminate\Database\Schema\Blueprint))
#2 /Users/kellymears/code/sites/tinypixel.dev/site/web/app/themes/sage/vendor/illuminate/database/Schema/Builder.php(298): Illuminate\Database\Schema\Blueprint->__construct('site-status', Object(Closure), 'wp_')
#3 /Users/kellymears/code/sites/tinypixel.dev/site/web/app/themes/sage/vendor/illuminate/database/Schema/Builder.php(151): Illuminate\Database\Schema\Builder->createBlueprint('site-status', Object(Closure))
#4 /Users/kellymears/code/sites/tinypixel.dev/site/web/app/themes/sage/vendor/illuminate/support/Facades/Facade.php(237): Illuminate\Database\Schema\Builder->table('site-status', Object(Closure))
#5 /Users/kellymears/code/sites/tinypixel.dev/site/web/app/themes/sage/database/migrations/2019_08_25_094307_site-status.php(18): Illuminate\Support\Facades\Facade::__callStatic('table', Array)
#6 /Users/kellymears/code/sites/tinypixel.dev/site/web/app/themes/sage/vendor/illuminate/database/Migrations/Migrator.php(387): SiteStatus->up()
#7 /Users/kellymears/code/sites/tinypixel.dev/site/web/app/themes/sage/vendor/illuminate/database/Migrations/Migrator.php(396): Illuminate\Database\Migrations\Migrator->Illuminate\Database\Migrations\{closure}()
#8 /Users/kellymears/code/sites/tinypixel.dev/site/web/app/themes/sage/vendor/illuminate/database/Migrations/Migrator.php(197): Illuminate\Database\Migrations\Migrator->runMigration(Object(SiteStatus), 'up')
#9 /Users/kellymears/code/sites/tinypixel.dev/site/web/app/themes/sage/vendor/illuminate/database/Migrations/Migrator.php(162): Illuminate\Database\Migrations\Migrator->runUp('/Users/kellymea...', 2, false)
#10 /Users/kellymears/code/sites/tinypixel.dev/site/web/app/themes/sage/vendor/illuminate/database/Migrations/Migrator.php(109): Illuminate\Database\Migrations\Migrator->runPending(Array, Array)
#11 /Users/kellymears/code/sites/tinypixel.dev/site/web/app/themes/sage/vendor/tiny-pixel/acorn-db/src/Console/Commands/Migrate/MigrateCommand.php(86): Illuminate\Database\Migrations\Migrator->run(Array, Array)
#12 [internal function]: TinyPixel\AcornDB\Console\Commands\Migrate\MigrateCommand->handle()
#13 /Users/kellymears/code/sites/tinypixel.dev/site/web/app/themes/sage/vendor/illuminate/container/BoundMethod.php(32): call_user_func_array(Array, Array)
#14 /Users/kellymears/code/sites/tinypixel.dev/site/web/app/themes/sage/vendor/illuminate/container/BoundMethod.php(90): Illuminate\Container\BoundMethod::Illuminate\Container\{closure}()
#15 /Users/kellymears/code/sites/tinypixel.dev/site/web/app/themes/sage/vendor/illuminate/container/BoundMethod.php(34): Illuminate\Container\BoundMethod::callBoundMethod(Object(Roots\Acorn\Application), Array, Object(Closure))
#16 /Users/kellymears/code/sites/tinypixel.dev/site/web/app/themes/sage/vendor/illuminate/container/Container.php(576): Illuminate\Container\BoundMethod::call(Object(Roots\Acorn\Application), Array, Array, NULL)
#17 /Users/kellymears/code/sites/tinypixel.dev/site/web/app/themes/sage/vendor/illuminate/console/Command.php(183): Illuminate\Container\Container->call(Array)
#18 /Users/kellymears/code/sites/tinypixel.dev/site/web/app/themes/sage/vendor/symfony/console/Command/Command.php(255): Illuminate\Console\Command->execute(Object(Symfony\Component\Console\Input\ArgvInput), Object(Illuminate\Console\OutputStyle))
#19 /Users/kellymears/code/sites/tinypixel.dev/site/web/app/themes/sage/vendor/illuminate/console/Command.php(170): Symfony\Component\Console\Command\Command->run(Object(Symfony\Component\Console\Input\ArgvInput), Object(Illuminate\Console\OutputStyle))
#20 /Users/kellymears/code/sites/tinypixel.dev/site/web/app/themes/sage/vendor/symfony/console/Application.php(921): Illuminate\Console\Command->run(Object(Symfony\Component\Console\Input\ArgvInput), Object(Symfony\Component\Console\Output\ConsoleOutput))
#21 /Users/kellymears/code/sites/tinypixel.dev/site/web/app/themes/sage/vendor/symfony/console/Application.php(273): Symfony\Component\Console\Application->doRunCommand(Object(TinyPixel\AcornDB\Console\Commands\Migrate\MigrateCommand), Object(Symfony\Component\Console\Input\ArgvInput), Object(Symfony\Component\Console\Output\ConsoleOutput))
#22 /Users/kellymears/code/sites/tinypixel.dev/site/web/app/themes/sage/vendor/symfony/console/Application.php(149): Symfony\Component\Console\Application->doRun(Object(Symfony\Component\Console\Input\ArgvInput), Object(Symfony\Component\Console\Output\ConsoleOutput))
#23 /Users/kellymears/code/sites/tinypixel.dev/site/web/app/themes/sage/vendor/illuminate/console/Application.php(90): Symfony\Component\Console\Application->run(Object(Symfony\Component\Console\Input\ArgvInput), Object(Symfony\Component\Console\Output\ConsoleOutput))
#24 /Users/kellymears/code/sites/tinypixel.dev/site/web/app/themes/sage/vendor/roots/acorn/src/Acorn/Console/Kernel.php(103): Illuminate\Console\Application->run(Object(Symfony\Component\Console\Input\ArgvInput), Object(Symfony\Component\Console\Output\ConsoleOutput))
#25 /Users/kellymears/code/sites/tinypixel.dev/site/web/app/themes/sage/vendor/roots/acorn/src/Acorn/Bootstrap/Console.php(36): Roots\Acorn\Console\Kernel->handle(Object(Symfony\Component\Console\Input\ArgvInput), Object(Symfony\Component\Console\Output\ConsoleOutput))
#26 [internal function]: Roots\Acorn\Bootstrap\Console->Roots\Acorn\Bootstrap\{closure}(Array, Array)
#27 phar:///usr/local/bin/wp/vendor/wp-cli/wp-cli/php/WP_CLI/Dispatcher/CommandFactory.php(100): call_user_func(Object(Closure), Array, Array)
#28 [internal function]: WP_CLI\Dispatcher\CommandFactory::WP_CLI\Dispatcher\{closure}(Array, Array)
#29 phar:///usr/local/bin/wp/vendor/wp-cli/wp-cli/php/WP_CLI/Dispatcher/Subcommand.php(451): call_user_func(Object(Closure), Array, Array)
#30 phar:///usr/local/bin/wp/vendor/wp-cli/wp-cli/php/WP_CLI/Runner.php(371): WP_CLI\Dispatcher\Subcommand->invoke(Array, Array, Array)
#31 phar:///usr/local/bin/wp/vendor/wp-cli/wp-cli/php/WP_CLI/Runner.php(394): WP_CLI\Runner->run_command(Array, Array)
#32 phar:///usr/local/bin/wp/vendor/wp-cli/wp-cli/php/WP_CLI/Runner.php(1161): WP_CLI\Runner->run_command_and_exit()
#33 phar:///usr/local/bin/wp/vendor/wp-cli/wp-cli/php/WP_CLI/Bootstrap/LaunchRunner.php(23): WP_CLI\Runner->start()
#34 phar:///usr/local/bin/wp/vendor/wp-cli/wp-cli/php/bootstrap.php(74): WP_CLI\Bootstrap\LaunchRunner->process(Object(WP_CLI\Bootstrap\BootstrapState))
#35 phar:///usr/local/bin/wp/vendor/wp-cli/wp-cli/php/wp-cli.php(27): WP_CLI\bootstrap()
#36 phar:///usr/local/bin/wp/php/boot-phar.php(11): include('phar:///usr/loc...')
#37 /usr/local/bin/wp(4): include('phar:///usr/loc...')
#38 {main} {"exception":"[object] (BadMethodCallException(code: 0): Method Illuminate\\Database\\Schema\\Blueprint::issuer does not exist. at /Users/kellymears/code/sites/tinypixel.dev/site/web/app/themes/sage/vendor/illuminate/support/Traits/Macroable.php:102)
[stacktrace]
#0 /Users/kellymears/code/sites/tinypixel.dev/site/web/app/themes/sage/database/migrations/2019_08_25_094307_site-status.php(17): Illuminate\\Database\\Schema\\Blueprint->__call('issuer', Array)
#1 /Users/kellymears/code/sites/tinypixel.dev/site/web/app/themes/sage/vendor/illuminate/database/Schema/Blueprint.php(83): SiteStatus->{closure}(Object(Illuminate\\Database\\Schema\\Blueprint))
#2 /Users/kellymears/code/sites/tinypixel.dev/site/web/app/themes/sage/vendor/illuminate/database/Schema/Builder.php(298): Illuminate\\Database\\Schema\\Blueprint->__construct('site-status', Object(Closure), 'wp_')
#3 /Users/kellymears/code/sites/tinypixel.dev/site/web/app/themes/sage/vendor/illuminate/database/Schema/Builder.php(151): Illuminate\\Database\\Schema\\Builder->createBlueprint('site-status', Object(Closure))
#4 /Users/kellymears/code/sites/tinypixel.dev/site/web/app/themes/sage/vendor/illuminate/support/Facades/Facade.php(237): Illuminate\\Database\\Schema\\Builder->table('site-status', Object(Closure))
#5 /Users/kellymears/code/sites/tinypixel.dev/site/web/app/themes/sage/database/migrations/2019_08_25_094307_site-status.php(18): Illuminate\\Support\\Facades\\Facade::__callStatic('table', Array)
#6 /Users/kellymears/code/sites/tinypixel.dev/site/web/app/themes/sage/vendor/illuminate/database/Migrations/Migrator.php(387): SiteStatus->up()
#7 /Users/kellymears/code/sites/tinypixel.dev/site/web/app/themes/sage/vendor/illuminate/database/Migrations/Migrator.php(396): Illuminate\\Database\\Migrations\\Migrator->Illuminate\\Database\\Migrations\\{closure}()
#8 /Users/kellymears/code/sites/tinypixel.dev/site/web/app/themes/sage/vendor/illuminate/database/Migrations/Migrator.php(197): Illuminate\\Database\\Migrations\\Migrator->runMigration(Object(SiteStatus), 'up')
#9 /Users/kellymears/code/sites/tinypixel.dev/site/web/app/themes/sage/vendor/illuminate/database/Migrations/Migrator.php(162): Illuminate\\Database\\Migrations\\Migrator->runUp('/Users/kellymea...', 2, false)
#10 /Users/kellymears/code/sites/tinypixel.dev/site/web/app/themes/sage/vendor/illuminate/database/Migrations/Migrator.php(109): Illuminate\\Database\\Migrations\\Migrator->runPending(Array, Array)
#11 /Users/kellymears/code/sites/tinypixel.dev/site/web/app/themes/sage/vendor/tiny-pixel/acorn-db/src/Console/Commands/Migrate/MigrateCommand.php(86): Illuminate\\Database\\Migrations\\Migrator->run(Array, Array)
#12 [internal function]: TinyPixel\\AcornDB\\Console\\Commands\\Migrate\\MigrateCommand->handle()
#13 /Users/kellymears/code/sites/tinypixel.dev/site/web/app/themes/sage/vendor/illuminate/container/BoundMethod.php(32): call_user_func_array(Array, Array)
#14 /Users/kellymears/code/sites/tinypixel.dev/site/web/app/themes/sage/vendor/illuminate/container/BoundMethod.php(90): Illuminate\\Container\\BoundMethod::Illuminate\\Container\\{closure}()
#15 /Users/kellymears/code/sites/tinypixel.dev/site/web/app/themes/sage/vendor/illuminate/container/BoundMethod.php(34): Illuminate\\Container\\BoundMethod::callBoundMethod(Object(Roots\\Acorn\\Application), Array, Object(Closure))
#16 /Users/kellymears/code/sites/tinypixel.dev/site/web/app/themes/sage/vendor/illuminate/container/Container.php(576): Illuminate\\Container\\BoundMethod::call(Object(Roots\\Acorn\\Application), Array, Array, NULL)
#17 /Users/kellymears/code/sites/tinypixel.dev/site/web/app/themes/sage/vendor/illuminate/console/Command.php(183): Illuminate\\Container\\Container->call(Array)
#18 /Users/kellymears/code/sites/tinypixel.dev/site/web/app/themes/sage/vendor/symfony/console/Command/Command.php(255): Illuminate\\Console\\Command->execute(Object(Symfony\\Component\\Console\\Input\\ArgvInput), Object(Illuminate\\Console\\OutputStyle))
#19 /Users/kellymears/code/sites/tinypixel.dev/site/web/app/themes/sage/vendor/illuminate/console/Command.php(170): Symfony\\Component\\Console\\Command\\Command->run(Object(Symfony\\Component\\Console\\Input\\ArgvInput), Object(Illuminate\\Console\\OutputStyle))
#20 /Users/kellymears/code/sites/tinypixel.dev/site/web/app/themes/sage/vendor/symfony/console/Application.php(921): Illuminate\\Console\\Command->run(Object(Symfony\\Component\\Console\\Input\\ArgvInput), Object(Symfony\\Component\\Console\\Output\\ConsoleOutput))
#21 /Users/kellymears/code/sites/tinypixel.dev/site/web/app/themes/sage/vendor/symfony/console/Application.php(273): Symfony\\Component\\Console\\Application->doRunCommand(Object(TinyPixel\\AcornDB\\Console\\Commands\\Migrate\\MigrateCommand), Object(Symfony\\Component\\Console\\Input\\ArgvInput), Object(Symfony\\Component\\Console\\Output\\ConsoleOutput))
#22 /Users/kellymears/code/sites/tinypixel.dev/site/web/app/themes/sage/vendor/symfony/console/Application.php(149): Symfony\\Component\\Console\\Application->doRun(Object(Symfony\\Component\\Console\\Input\\ArgvInput), Object(Symfony\\Component\\Console\\Output\\ConsoleOutput))
#23 /Users/kellymears/code/sites/tinypixel.dev/site/web/app/themes/sage/vendor/illuminate/console/Application.php(90): Symfony\\Component\\Console\\Application->run(Object(Symfony\\Component\\Console\\Input\\ArgvInput), Object(Symfony\\Component\\Console\\Output\\ConsoleOutput))
#24 /Users/kellymears/code/sites/tinypixel.dev/site/web/app/themes/sage/vendor/roots/acorn/src/Acorn/Console/Kernel.php(103): Illuminate\\Console\\Application->run(Object(Symfony\\Component\\Console\\Input\\ArgvInput), Object(Symfony\\Component\\Console\\Output\\ConsoleOutput))
#25 /Users/kellymears/code/sites/tinypixel.dev/site/web/app/themes/sage/vendor/roots/acorn/src/Acorn/Bootstrap/Console.php(36): Roots\\Acorn\\Console\\Kernel->handle(Object(Symfony\\Component\\Console\\Input\\ArgvInput), Object(Symfony\\Component\\Console\\Output\\ConsoleOutput))
#26 [internal function]: Roots\\Acorn\\Bootstrap\\Console->Roots\\Acorn\\Bootstrap\\{closure}(Array, Array)
#27 phar:///usr/local/bin/wp/vendor/wp-cli/wp-cli/php/WP_CLI/Dispatcher/CommandFactory.php(100): call_user_func(Object(Closure), Array, Array)
#28 [internal function]: WP_CLI\\Dispatcher\\CommandFactory::WP_CLI\\Dispatcher\\{closure}(Array, Array)
#29 phar:///usr/local/bin/wp/vendor/wp-cli/wp-cli/php/WP_CLI/Dispatcher/Subcommand.php(451): call_user_func(Object(Closure), Array, Array)
#30 phar:///usr/local/bin/wp/vendor/wp-cli/wp-cli/php/WP_CLI/Runner.php(371): WP_CLI\\Dispatcher\\Subcommand->invoke(Array, Array, Array)
#31 phar:///usr/local/bin/wp/vendor/wp-cli/wp-cli/php/WP_CLI/Runner.php(394): WP_CLI\\Runner->run_command(Array, Array)
#32 phar:///usr/local/bin/wp/vendor/wp-cli/wp-cli/php/WP_CLI/Runner.php(1161): WP_CLI\\Runner->run_command_and_exit()
#33 phar:///usr/local/bin/wp/vendor/wp-cli/wp-cli/php/WP_CLI/Bootstrap/LaunchRunner.php(23): WP_CLI\\Runner->start()
#34 phar:///usr/local/bin/wp/vendor/wp-cli/wp-cli/php/bootstrap.php(74): WP_CLI\\Bootstrap\\LaunchRunner->process(Object(WP_CLI\\Bootstrap\\BootstrapState))
#35 phar:///usr/local/bin/wp/vendor/wp-cli/wp-cli/php/wp-cli.php(27): WP_CLI\\bootstrap()
#36 phar:///usr/local/bin/wp/php/boot-phar.php(11): include('phar:///usr/loc...')
#37 /usr/local/bin/wp(4): include('phar:///usr/loc...')
#38 {main}
"} 
